<?xml version="1.0" encoding="UTF-8"?>
<robot generator="Robot 7.3.2 (Python 3.13.6 on win32)" generated="2025-08-14T09:48:36.258829" rpa="false" schemaversion="5">
<suite id="s1" name="Primeiro Teste" source="D:\Estudos\ALURA\robot\curso-robot\primeiro_teste.robot">
<test id="s1-t1" name="Abrir navegador e acesso do organo" line="5">
<kw name="Open Browser" owner="SeleniumLibrary">
<msg time="2025-08-14T09:48:36.585375" level="INFO">Opening browser 'Chrome' to base url 'http://localhost:3000/'.</msg>
<msg time="2025-08-14T09:48:36.830378" level="WARN">The chromedriver version (138.0.7204.157) detected in PATH at C:\Users\matheus.nunes\AppData\Local\Programs\Python\Python313\chromedriver.exe might not be compatible with the detected chrome version (139.0.7258.67); currently, chromedriver 139.0.7258.68 is recommended for chrome 139.*, so it is advised to delete the driver in PATH and retry</msg>
<arg>url=http://localhost:3000/</arg>
<arg>browser=Chrome</arg>
<doc>Opens a new browser instance to the optional ``url``.</doc>
<status status="PASS" start="2025-08-14T09:48:36.584998" elapsed="2.727668"/>
</kw>
<status status="PASS" start="2025-08-14T09:48:36.583970" elapsed="2.729221"/>
</test>
<status status="PASS" start="2025-08-14T09:48:36.260545" elapsed="3.053655"/>
</suite>
<statistics>
<total>
<stat pass="1" fail="0" skip="0">All Tests</stat>
</total>
<tag>
</tag>
<suite>
<stat name="Primeiro Teste" id="s1" pass="1" fail="0" skip="0">Primeiro Teste</stat>
</suite>
</statistics>
<errors>
<msg time="2025-08-14T09:48:36.830378" level="WARN">The chromedriver version (138.0.7204.157) detected in PATH at C:\Users\matheus.nunes\AppData\Local\Programs\Python\Python313\chromedriver.exe might not be compatible with the detected chrome version (139.0.7258.67); currently, chromedriver 139.0.7258.68 is recommended for chrome 139.*, so it is advised to delete the driver in PATH and retry</msg>
</errors>
</robot>
